<?xml version="1.0" encoding="UTF-8"?>
<testng-results skipped="0" failed="0" ignored="1" total="2" passed="1">
  <reporter-output>
  </reporter-output>
  <suite name="Default suite" duration-ms="51859" started-at="2020-10-08T11:33:37Z" finished-at="2020-10-08T11:34:29Z">
    <groups>
    </groups>
    <test name="Default test" duration-ms="51859" started-at="2020-10-08T11:33:37Z" finished-at="2020-10-08T11:34:29Z">
      <class name="testLms.NewTest">
        <test-method status="PASS" signature="setPreCond()[pri:0, instance:testLms.NewTest@6d4b1c02]" name="setPreCond" is-config="true" duration-ms="4919" started-at="2020-10-08T17:03:37Z" finished-at="2020-10-08T17:03:42Z">
          <reporter-output>
          </reporter-output>
        </test-method> <!-- setPreCond -->
        <test-method status="PASS" signature="beforeMEthod()[pri:0, instance:testLms.NewTest@6d4b1c02]" name="beforeMEthod" is-config="true" duration-ms="6645" started-at="2020-10-08T17:03:42Z" finished-at="2020-10-08T17:03:49Z">
          <reporter-output>
          </reporter-output>
        </test-method> <!-- beforeMEthod -->
        <test-method status="PASS" signature="submitTimesheet()[pri:0, instance:testLms.NewTest@6d4b1c02]" name="submitTimesheet" duration-ms="39360" started-at="2020-10-08T17:03:49Z" finished-at="2020-10-08T17:04:28Z">
          <reporter-output>
          </reporter-output>
        </test-method> <!-- submitTimesheet -->
        <test-method status="PASS" signature="quitDriver()[pri:0, instance:testLms.NewTest@6d4b1c02]" name="quitDriver" is-config="true" duration-ms="874" started-at="2020-10-08T17:04:28Z" finished-at="2020-10-08T17:04:29Z">
          <reporter-output>
          </reporter-output>
        </test-method> <!-- quitDriver -->
      </class> <!-- testLms.NewTest -->
    </test> <!-- Default test -->
  </suite> <!-- Default suite -->
</testng-results>
